[INFO] Using Python version : 3.7.4 (default, Nov 21 2019, 13:51:44) [MSC v.1923 64 bit (AMD64)]
[INFO] Using Python version : 3.7.4 (default, Nov 21 2019, 13:51:44) [MSC v.1923 64 bit (AMD64)]
[INFO] Using Python version : 3.7.4 (default, Nov 21 2019, 13:51:44) [MSC v.1923 64 bit (AMD64)]
[DEBUG] bypass_bw_factor =  0
[DEBUG] Total process time :  0.1910668999999956
[INFO] Done Parameter Optimization.
Best Param : {'M_DIV': 1, 'N_DIV': 37.5, 'O_DIV': {'CLKOP': 8, 'CLKOS': 30}, 'BWFAC': 6.685747618732867, 'fbk_div': 37.5, 'm_div': 1, 'ipp_ctrl': 6, 'bw_ctrl_bias': 15, 'ipp_sel': 15, 'ipi_cmp': 12, 'cset': 8, 'v2i_pp_res': 9.0, 'cripple': 1, 'PEAK': 0.171236021350262, 'BW_3DB': 4.786300923226426, 'BW_OPL': 3.8018939632056497, 'PM_3DB': 77.56216202302599}

 Analog Parameters : 
 - CSET        	: 8P		 - CRIPPLE     	: 1P		 - IPI_CMP     	: 0b1100
 - V2I_PP_RES  	: 9K		 - IPP_SEL     	: 0b1111		 -             	    
 - IPP_CTRL    	: 0b0110		 - BW_CTL_BIAS   : 0b1111		 -             	    

[DEBUG] bypass_bw_factor =  0
[DEBUG] Total process time :  0.19064250000000982
[INFO] Done Parameter Optimization.
Best Param : {'M_DIV': 1, 'N_DIV': 37.5, 'O_DIV': {'CLKOP': 8, 'CLKOS': 30}, 'BWFAC': 6.685747618732867, 'fbk_div': 37.5, 'm_div': 1, 'ipp_ctrl': 6, 'bw_ctrl_bias': 15, 'ipp_sel': 15, 'ipi_cmp': 12, 'cset': 8, 'v2i_pp_res': 9.0, 'cripple': 1, 'PEAK': 0.171236021350262, 'BW_3DB': 4.786300923226426, 'BW_OPL': 3.8018939632056497, 'PM_3DB': 77.56216202302599}

 Analog Parameters : 
 - CSET        	: 8P		 - CRIPPLE     	: 1P		 - IPI_CMP     	: 0b1100
 - V2I_PP_RES  	: 9K		 - IPP_SEL     	: 0b1111		 -             	    
 - IPP_CTRL    	: 0b0110		 - BW_CTL_BIAS   : 0b1111		 -             	    

[DEBUG] bypass_bw_factor =  0
[DEBUG] Total process time :  0.19667730000003303
[INFO] Done Parameter Optimization.
Best Param : {'M_DIV': 1, 'N_DIV': 37.5, 'O_DIV': {'CLKOP': 8, 'CLKOS': 30}, 'BWFAC': 6.685747618732867, 'fbk_div': 37.5, 'm_div': 1, 'ipp_ctrl': 6, 'bw_ctrl_bias': 15, 'ipp_sel': 15, 'ipi_cmp': 12, 'cset': 8, 'v2i_pp_res': 9.0, 'cripple': 1, 'PEAK': 0.171236021350262, 'BW_3DB': 4.786300923226426, 'BW_OPL': 3.8018939632056497, 'PM_3DB': 77.56216202302599}

 Analog Parameters : 
 - CSET        	: 8P		 - CRIPPLE     	: 1P		 - IPI_CMP     	: 0b1100
 - V2I_PP_RES  	: 9K		 - IPP_SEL     	: 0b1111		 -             	    
 - IPP_CTRL    	: 0b0110		 - BW_CTL_BIAS   : 0b1111		 -             	    

WARNING: missing driver HDL files.
Writing C:\Users\SP5WWP\Documents\Radiant\OpenHT\pll_osc\rtl\pll_osc_bb.v 
Writing C:\Users\SP5WWP\Documents\Radiant\OpenHT\pll_osc\pll_osc.cfg 
Writing C:\Users\SP5WWP\Documents\Radiant\OpenHT\pll_osc\misc\pll_osc_tmpl.v 
Writing C:\Users\SP5WWP\Documents\Radiant\OpenHT\pll_osc\misc\pll_osc_tmpl.vhd 
Writing C:\Users\SP5WWP\Documents\Radiant\OpenHT\pll_osc\rtl\pll_osc.v 
Writing C:\Users\SP5WWP\Documents\Radiant\OpenHT\pll_osc\constraints\pll_osc.ldc 
Writing C:\Users\SP5WWP\Documents\Radiant\OpenHT\pll_osc\testbench\dut_params.v 
Writing C:\Users\SP5WWP\Documents\Radiant\OpenHT\pll_osc\testbench\dut_inst.v 
Writing C:\Users\SP5WWP\Documents\Radiant\OpenHT\pll_osc\design.xml 
Writing C:\Users\SP5WWP\Documents\Radiant\OpenHT\pll_osc\component.xml 
Writing C:\Users\SP5WWP\Documents\Radiant\OpenHT\pll_osc\pll_osc.ipx 
[INFO] Using Python version : 3.7.4 (default, Nov 21 2019, 13:51:44) [MSC v.1923 64 bit (AMD64)]
[INFO] Using Python version : 3.7.4 (default, Nov 21 2019, 13:51:44) [MSC v.1923 64 bit (AMD64)]
ERROR: The desired frequency for CLKOP with tolerance=0.000000 cannot be generated.Try changing the tolerance or desired frequency.
ERROR: Value 4.0 is out of range (6.25, 800.0).
ERROR: The desired frequency for CLKOS with tolerance=0.000000 cannot be generated.Try changing the tolerance or desired frequency.
ERROR: Value 4.0 is out of range (6.25, 800.0).
ERROR: The desired frequency for CLKOS2 with tolerance=0.000000 cannot be generated.Try changing the tolerance or desired frequency.
ERROR: Value 4.0 is out of range (6.25, 800.0).
ERROR: The desired frequency for CLKOP with tolerance=0.000000 cannot be generated.Try changing the tolerance or desired frequency.
ERROR: Value 4.0 is out of range (6.25, 800.0).
ERROR: The desired frequency for CLKOS with tolerance=0.000000 cannot be generated.Try changing the tolerance or desired frequency.
ERROR: Value 4.0 is out of range (6.25, 800.0).
ERROR: The desired frequency for CLKOS2 with tolerance=0.000000 cannot be generated.Try changing the tolerance or desired frequency.
ERROR: Value 4.0 is out of range (6.25, 800.0).
ERROR: The desired frequency for CLKOP with tolerance=0.000000 cannot be generated.Try changing the tolerance or desired frequency.
ERROR: Value 4.0 is out of range (6.25, 800.0).
ERROR: The desired frequency for CLKOS2 with tolerance=0.000000 cannot be generated.Try changing the tolerance or desired frequency.
ERROR: Value 4.0 is out of range (6.25, 800.0).
ERROR: The desired frequency for CLKOP with tolerance=0.000000 cannot be generated.Try changing the tolerance or desired frequency.
ERROR: Value 4.0 is out of range (6.25, 800.0).
ERROR: The desired frequency for CLKOS with tolerance=0.000000 cannot be generated.Try changing the tolerance or desired frequency.
ERROR: Value 4.0 is out of range (6.25, 800.0).
[DEBUG] bypass_bw_factor =  0
Error: min() arg is an empty sequence in SettingInstance: RUN_CALC
ERROR: The desired frequency for CLKOP with tolerance=0.000000 cannot be generated.Try changing the tolerance or desired frequency.
ERROR: Value 4.0 is out of range (6.25, 800.0).
ERROR: The desired frequency for CLKOS with tolerance=0.000000 cannot be generated.Try changing the tolerance or desired frequency.
ERROR: Value 4.0 is out of range (6.25, 800.0).
[DEBUG] bypass_bw_factor =  0
[DEBUG] Total process time :  0.1889874000000873
[INFO] Done Parameter Optimization.
Best Param : {'M_DIV': 1, 'N_DIV': 32.8125, 'O_DIV': {'CLKOP': 7, 'CLKOS': 30}, 'BWFAC': 5.560962651997945, 'fbk_div': 32.8125, 'm_div': 1, 'ipp_ctrl': 6, 'bw_ctrl_bias': 15, 'ipp_sel': 15, 'ipi_cmp': 12, 'cset': 8, 'v2i_pp_res': 9.0, 'cripple': 1, 'PEAK': 0.14967327770189806, 'BW_3DB': 5.754399373371627, 'BW_OPL': 4.3651583224017, 'PM_3DB': 75.86678721493638}

 Analog Parameters : 
 - CSET        	: 8P		 - CRIPPLE     	: 1P		 - IPI_CMP     	: 0b1100
 - V2I_PP_RES  	: 9K		 - IPP_SEL     	: 0b1111		 -             	    
 - IPP_CTRL    	: 0b0110		 - BW_CTL_BIAS   : 0b1111		 -             	    

ERROR: The desired frequency for CLKOP with tolerance=0.000000 cannot be generated.Try changing the tolerance or desired frequency.
ERROR: Value 4.0 is out of range (6.25, 800.0).
ERROR: The desired frequency for CLKOS with tolerance=0.000000 cannot be generated.Try changing the tolerance or desired frequency.
ERROR: Value 4.0 is out of range (6.25, 800.0).
ERROR: The desired frequency for CLKOP with tolerance=0.000000 cannot be generated.Try changing the tolerance or desired frequency.
ERROR: Value 4.0 is out of range (6.25, 800.0).
ERROR: The desired frequency for CLKOS with tolerance=0.000000 cannot be generated.Try changing the tolerance or desired frequency.
ERROR: Value 4.0 is out of range (6.25, 800.0).
ERROR: The desired frequency for CLKOP with tolerance=0.000000 cannot be generated.Try changing the tolerance or desired frequency.
ERROR: Value 4.0 is out of range (6.25, 800.0).
ERROR: The desired frequency for CLKOS with tolerance=0.000000 cannot be generated.Try changing the tolerance or desired frequency.
ERROR: Value 4.0 is out of range (6.25, 800.0).
ERROR: The desired frequency for CLKOP with tolerance=0.000000 cannot be generated.Try changing the tolerance or desired frequency.
ERROR: Value 4.0 is out of range (6.25, 800.0).
ERROR: The desired frequency for CLKOS with tolerance=0.000000 cannot be generated.Try changing the tolerance or desired frequency.
ERROR: Value 4.0 is out of range (6.25, 800.0).
ERROR: The desired frequency for CLKOP with tolerance=0.000000 cannot be generated.Try changing the tolerance or desired frequency.
ERROR: Value 4.0 is out of range (6.25, 800.0).
ERROR: The desired frequency for CLKOS with tolerance=0.000000 cannot be generated.Try changing the tolerance or desired frequency.
ERROR: Value 4.0 is out of range (6.25, 800.0).
ERROR: The desired frequency for CLKOP with tolerance=0.000000 cannot be generated.Try changing the tolerance or desired frequency.
ERROR: Value 4.0 is out of range (6.25, 800.0).
ERROR: The desired frequency for CLKOS with tolerance=0.000000 cannot be generated.Try changing the tolerance or desired frequency.
ERROR: Value 4.0 is out of range (6.25, 800.0).
ERROR: The desired frequency for CLKOP with tolerance=0.000000 cannot be generated.Try changing the tolerance or desired frequency.
ERROR: Value 4.0 is out of range (6.25, 800.0).
ERROR: The desired frequency for CLKOS with tolerance=0.000000 cannot be generated.Try changing the tolerance or desired frequency.
ERROR: Value 4.0 is out of range (6.25, 800.0).
[DEBUG] bypass_bw_factor =  0
Error: min() arg is an empty sequence in SettingInstance: RUN_CALC
ERROR: The desired frequency for CLKOP with tolerance=0.000000 cannot be generated.Try changing the tolerance or desired frequency.
ERROR: Value 4.0 is out of range (6.25, 800.0).
ERROR: The desired frequency for CLKOS with tolerance=0.000000 cannot be generated.Try changing the tolerance or desired frequency.
ERROR: Value 4.0 is out of range (6.25, 800.0).
ERROR: The desired frequency for CLKOP with tolerance=0.000000 cannot be generated.Try changing the tolerance or desired frequency.
ERROR: Value 3.0 is out of range (6.25, 800.0).
ERROR: The desired frequency for CLKOS with tolerance=0.000000 cannot be generated.Try changing the tolerance or desired frequency.
ERROR: Value 3.0 is out of range (6.25, 800.0).
[DEBUG] bypass_bw_factor =  0
Error: min() arg is an empty sequence in SettingInstance: RUN_CALC
ERROR: The desired frequency for CLKOP with tolerance=0.000000 cannot be generated.Try changing the tolerance or desired frequency.
ERROR: Value 3.0 is out of range (6.25, 800.0).
ERROR: The desired frequency for CLKOS with tolerance=0.000000 cannot be generated.Try changing the tolerance or desired frequency.
ERROR: Value 3.0 is out of range (6.25, 800.0).
ERROR: The desired frequency for CLKOP with tolerance=0.000000 cannot be generated.Try changing the tolerance or desired frequency.
ERROR: Value 4.0 is out of range (6.25, 800.0).
ERROR: The desired frequency for CLKOS with tolerance=0.000000 cannot be generated.Try changing the tolerance or desired frequency.
ERROR: Value 4.0 is out of range (6.25, 800.0).
ERROR: The desired frequency for CLKOP with tolerance=0.000000 cannot be generated.Try changing the tolerance or desired frequency.
ERROR: Value 4.0 is out of range (6.25, 800.0).
ERROR: The desired frequency for CLKOS with tolerance=0.000000 cannot be generated.Try changing the tolerance or desired frequency.
ERROR: Value 4.0 is out of range (6.25, 800.0).
[DEBUG] bypass_bw_factor =  0
[DEBUG] Total process time :  0.20083699999997862
[INFO] Done Parameter Optimization.
Best Param : {'M_DIV': 1, 'N_DIV': 46.875, 'O_DIV': {'CLKOP': 10}, 'BWFAC': 8.416857574065139, 'fbk_div': 46.875, 'm_div': 1, 'ipp_ctrl': 6, 'bw_ctrl_bias': 15, 'ipp_sel': 15, 'ipi_cmp': 12, 'cset': 8, 'v2i_pp_res': 9.0, 'cripple': 1, 'PEAK': 0.21449861385922322, 'BW_3DB': 3.8018939632056497, 'BW_OPL': 3.0199517204020436, 'PM_3DB': 79.92938010931552}

 Analog Parameters : 
 - CSET        	: 8P		 - CRIPPLE     	: 1P		 - IPI_CMP     	: 0b1100
 - V2I_PP_RES  	: 9K		 - IPP_SEL     	: 0b1111		 -             	    
 - IPP_CTRL    	: 0b0110		 - BW_CTL_BIAS   : 0b1111		 -             	    

ERROR: The desired frequency for CLKOP with tolerance=0.000000 cannot be generated.Try changing the tolerance or desired frequency.
ERROR: Value 4.0 is out of range (6.25, 800.0).
ERROR: The desired frequency for CLKOS with tolerance=0.000000 cannot be generated.Try changing the tolerance or desired frequency.
ERROR: Value 4.0 is out of range (6.25, 800.0).
ERROR: The desired frequency for CLKOP with tolerance=0.000000 cannot be generated.Try changing the tolerance or desired frequency.
ERROR: Value 4.0 is out of range (6.25, 800.0).
ERROR: The desired frequency for CLKOS with tolerance=0.000000 cannot be generated.Try changing the tolerance or desired frequency.
ERROR: Value 4.0 is out of range (6.25, 800.0).
[DEBUG] bypass_bw_factor =  0
Error: min() arg is an empty sequence in SettingInstance: RUN_CALC
ERROR: The desired frequency for CLKOP with tolerance=0.000000 cannot be generated.Try changing the tolerance or desired frequency.
ERROR: Value 4.0 is out of range (6.25, 800.0).
ERROR: The desired frequency for CLKOS with tolerance=0.000000 cannot be generated.Try changing the tolerance or desired frequency.
ERROR: Value 4.0 is out of range (6.25, 800.0).
ERROR: The desired frequency for CLKOP with tolerance=0.000000 cannot be generated.Try changing the tolerance or desired frequency.
ERROR: Value 4.0 is out of range (6.25, 800.0).
ERROR: The desired frequency for CLKOS with tolerance=0.000000 cannot be generated.Try changing the tolerance or desired frequency.
ERROR: Value 4.0 is out of range (6.25, 800.0).
ERROR: The desired frequency for CLKOP with tolerance=0.000000 cannot be generated.Try changing the tolerance or desired frequency.
ERROR: Value 4.0 is out of range (6.25, 800.0).
ERROR: The desired frequency for CLKOS with tolerance=0.000000 cannot be generated.Try changing the tolerance or desired frequency.
ERROR: Value 4.0 is out of range (6.25, 800.0).
[DEBUG] bypass_bw_factor =  0
Error: min() arg is an empty sequence in SettingInstance: RUN_CALC
ERROR: The desired frequency for CLKOP with tolerance=0.000000 cannot be generated.Try changing the tolerance or desired frequency.
ERROR: Value 4.0 is out of range (6.25, 800.0).
ERROR: The desired frequency for CLKOS with tolerance=0.000000 cannot be generated.Try changing the tolerance or desired frequency.
ERROR: Value 4.0 is out of range (6.25, 800.0).
ERROR: The desired frequency for CLKOP with tolerance=0.000000 cannot be generated.Try changing the tolerance or desired frequency.
ERROR: Value 4.0 is out of range (6.25, 800.0).
ERROR: The desired frequency for CLKOS with tolerance=0.000000 cannot be generated.Try changing the tolerance or desired frequency.
ERROR: Value 4.0 is out of range (6.25, 800.0).
ERROR: The desired frequency for CLKOP with tolerance=0.000000 cannot be generated.Try changing the tolerance or desired frequency.
ERROR: Value 4.0 is out of range (6.25, 800.0).
ERROR: The desired frequency for CLKOS with tolerance=0.000000 cannot be generated.Try changing the tolerance or desired frequency.
ERROR: Value 4.0 is out of range (6.25, 800.0).
ERROR: The desired frequency for CLKOP with tolerance=0.000000 cannot be generated.Try changing the tolerance or desired frequency.
ERROR: Value 4.0 is out of range (6.25, 800.0).
ERROR: The desired frequency for CLKOS with tolerance=0.000000 cannot be generated.Try changing the tolerance or desired frequency.
ERROR: Value 4.0 is out of range (6.25, 800.0).
ERROR: The desired frequency for CLKOP with tolerance=0.000000 cannot be generated.Try changing the tolerance or desired frequency.
ERROR: Value 4.0 is out of range (6.25, 800.0).
ERROR: The desired frequency for CLKOS5 with tolerance=0.000000 cannot be generated.Try changing the tolerance or desired frequency.
ERROR: Value 4.0 is out of range (6.25, 800.0).
[DEBUG] bypass_bw_factor =  0
[DEBUG] Total process time :  0.18642230000000382
[INFO] Done Parameter Optimization.
Best Param : {'M_DIV': 1, 'N_DIV': 25, 'O_DIV': {'CLKOP': 25}, 'BWFAC': 8.057122635482585, 'fbk_div': 25, 'm_div': 1, 'ipp_ctrl': 6, 'bw_ctrl_bias': 15, 'ipp_sel': 15, 'ipi_cmp': 12, 'cset': 8, 'v2i_pp_res': 9.0, 'cripple': 1, 'PEAK': 0.11383642161881422, 'BW_3DB': 7.943282347242898, 'BW_OPL': 5.495408738576301, 'PM_3DB': 72.52063340098746}

 Analog Parameters : 
 - CSET        	: 8P		 - CRIPPLE     	: 1P		 - IPI_CMP     	: 0b1100
 - V2I_PP_RES  	: 9K		 - IPP_SEL     	: 0b1111		 -             	    
 - IPP_CTRL    	: 0b0110		 - BW_CTL_BIAS   : 0b1111		 -             	    

ERROR: The desired frequency for CLKOP with tolerance=0.000000 cannot be generated.Try changing the tolerance or desired frequency.
ERROR: Value 4.0 is out of range (6.25, 800.0).
ERROR: The desired frequency for CLKOS with tolerance=0.000000 cannot be generated.Try changing the tolerance or desired frequency.
ERROR: Value 4.0 is out of range (6.25, 800.0).
ERROR: The desired frequency for CLKOP with tolerance=0.000000 cannot be generated.Try changing the tolerance or desired frequency.
ERROR: Value 4.0 is out of range (6.25, 800.0).
ERROR: The desired frequency for CLKOS with tolerance=0.000000 cannot be generated.Try changing the tolerance or desired frequency.
ERROR: Value 4.0 is out of range (6.25, 800.0).
ERROR: The desired frequency for CLKOP with tolerance=0.000000 cannot be generated.Try changing the tolerance or desired frequency.
ERROR: Value 4.0 is out of range (6.25, 800.0).
ERROR: The desired frequency for CLKOS with tolerance=0.000000 cannot be generated.Try changing the tolerance or desired frequency.
ERROR: Value 4.0 is out of range (6.25, 800.0).
[DEBUG] bypass_bw_factor =  0
[DEBUG] Total process time :  0.1954024000001482
[INFO] Done Parameter Optimization.
Best Param : {'M_DIV': 1, 'N_DIV': 38, 'O_DIV': {'CLKOP': 19, 'CLKOS': 8}, 'BWFAC': 6.685747618732867, 'fbk_div': 38, 'm_div': 1, 'ipp_ctrl': 6, 'bw_ctrl_bias': 15, 'ipp_sel': 15, 'ipi_cmp': 12, 'cset': 8, 'v2i_pp_res': 9.0, 'cripple': 1, 'PEAK': 0.1735387392614833, 'BW_3DB': 4.786300923226426, 'BW_OPL': 3.8018939632056497, 'PM_3DB': 77.56216202302599}

 Analog Parameters : 
 - CSET        	: 8P		 - CRIPPLE     	: 1P		 - IPI_CMP     	: 0b1100
 - V2I_PP_RES  	: 9K		 - IPP_SEL     	: 0b1111		 -             	    
 - IPP_CTRL    	: 0b0110		 - BW_CTL_BIAS   : 0b1111		 -             	    

[DEBUG] bypass_bw_factor =  0
[DEBUG] Total process time :  0.19773379999992358
[INFO] Done Parameter Optimization.
Best Param : {'M_DIV': 1, 'N_DIV': 38, 'O_DIV': {'CLKOP': 19, 'CLKOS': 8}, 'BWFAC': 6.685747618732867, 'fbk_div': 38, 'm_div': 1, 'ipp_ctrl': 6, 'bw_ctrl_bias': 15, 'ipp_sel': 15, 'ipi_cmp': 12, 'cset': 8, 'v2i_pp_res': 9.0, 'cripple': 1, 'PEAK': 0.1735387392614833, 'BW_3DB': 4.786300923226426, 'BW_OPL': 3.8018939632056497, 'PM_3DB': 77.56216202302599}

 Analog Parameters : 
 - CSET        	: 8P		 - CRIPPLE     	: 1P		 - IPI_CMP     	: 0b1100
 - V2I_PP_RES  	: 9K		 - IPP_SEL     	: 0b1111		 -             	    
 - IPP_CTRL    	: 0b0110		 - BW_CTL_BIAS   : 0b1111		 -             	    

WARNING: missing driver HDL files.
Writing C:\Users\SP5WWP\Documents\Radiant\OpenHT\pll_osc\rtl\pll_osc_bb.v 
Writing C:\Users\SP5WWP\Documents\Radiant\OpenHT\pll_osc\pll_osc.cfg 
Writing C:\Users\SP5WWP\Documents\Radiant\OpenHT\pll_osc\misc\pll_osc_tmpl.v 
Writing C:\Users\SP5WWP\Documents\Radiant\OpenHT\pll_osc\misc\pll_osc_tmpl.vhd 
Writing C:\Users\SP5WWP\Documents\Radiant\OpenHT\pll_osc\rtl\pll_osc.v 
Writing C:\Users\SP5WWP\Documents\Radiant\OpenHT\pll_osc\constraints\pll_osc.ldc 
Writing C:\Users\SP5WWP\Documents\Radiant\OpenHT\pll_osc\testbench\dut_params.v 
Writing C:\Users\SP5WWP\Documents\Radiant\OpenHT\pll_osc\testbench\dut_inst.v 
Writing C:\Users\SP5WWP\Documents\Radiant\OpenHT\pll_osc\design.xml 
Writing C:\Users\SP5WWP\Documents\Radiant\OpenHT\pll_osc\component.xml 
Writing C:\Users\SP5WWP\Documents\Radiant\OpenHT\pll_osc\pll_osc.ipx 
[INFO] Using Python version : 3.7.4 (default, Nov 21 2019, 13:51:44) [MSC v.1923 64 bit (AMD64)]
ERROR: The desired frequency for CLKOP with tolerance=0.000000 cannot be generated.Try changing the tolerance or desired frequency.
ERROR: Value 4.0 is out of range (6.25, 800.0).
ERROR: The desired frequency for CLKOS with tolerance=0.000000 cannot be generated.Try changing the tolerance or desired frequency.
ERROR: Value 4.0 is out of range (6.25, 800.0).
ERROR: The desired frequency for CLKOS2 with tolerance=0.000000 cannot be generated.Try changing the tolerance or desired frequency.
ERROR: Value 4.0 is out of range (6.25, 800.0).
ERROR: The desired frequency for CLKOP with tolerance=0.000000 cannot be generated.Try changing the tolerance or desired frequency.
ERROR: Value 4.0 is out of range (6.25, 800.0).
ERROR: The desired frequency for CLKOS with tolerance=0.000000 cannot be generated.Try changing the tolerance or desired frequency.
ERROR: Value 4.0 is out of range (6.25, 800.0).
ERROR: The desired frequency for CLKOS2 with tolerance=0.000000 cannot be generated.Try changing the tolerance or desired frequency.
ERROR: Value 4.0 is out of range (6.25, 800.0).
ERROR: The desired frequency for CLKOP with tolerance=0.000000 cannot be generated.Try changing the tolerance or desired frequency.
ERROR: Value 4.0 is out of range (6.25, 800.0).
ERROR: The desired frequency for CLKOS with tolerance=0.000000 cannot be generated.Try changing the tolerance or desired frequency.
ERROR: Value 4.0 is out of range (6.25, 800.0).
ERROR: The desired frequency for CLKOS2 with tolerance=0.000000 cannot be generated.Try changing the tolerance or desired frequency.
ERROR: Value 4.0 is out of range (6.25, 800.0).
ERROR: The desired frequency for CLKOP with tolerance=0.000000 cannot be generated.Try changing the tolerance or desired frequency.
ERROR: Value 4.0 is out of range (6.25, 800.0).
ERROR: The desired frequency for CLKOS with tolerance=0.000000 cannot be generated.Try changing the tolerance or desired frequency.
ERROR: Value 4.0 is out of range (6.25, 800.0).
ERROR: The desired frequency for CLKOS2 with tolerance=0.000000 cannot be generated.Try changing the tolerance or desired frequency.
ERROR: Value 4.0 is out of range (6.25, 800.0).
[DEBUG] bypass_bw_factor =  0
[DEBUG] Total process time :  0.19647250000002714
[INFO] Done Parameter Optimization.
Best Param : {'M_DIV': 1, 'N_DIV': 38, 'O_DIV': {'CLKOP': 19, 'CLKOS': 8}, 'BWFAC': 6.685747618732867, 'fbk_div': 38, 'm_div': 1, 'ipp_ctrl': 6, 'bw_ctrl_bias': 15, 'ipp_sel': 15, 'ipi_cmp': 12, 'cset': 8, 'v2i_pp_res': 9.0, 'cripple': 1, 'PEAK': 0.1735387392614833, 'BW_3DB': 4.786300923226426, 'BW_OPL': 3.8018939632056497, 'PM_3DB': 77.56216202302599}

 Analog Parameters : 
 - CSET        	: 8P		 - CRIPPLE     	: 1P		 - IPI_CMP     	: 0b1100
 - V2I_PP_RES  	: 9K		 - IPP_SEL     	: 0b1111		 -             	    
 - IPP_CTRL    	: 0b0110		 - BW_CTL_BIAS   : 0b1111		 -             	    

WARNING: missing driver HDL files.
Writing C:\Users\SP5WWP\Documents\Radiant\OpenHT\pll_osc\rtl\pll_osc_bb.v 
Writing C:\Users\SP5WWP\Documents\Radiant\OpenHT\pll_osc\pll_osc.cfg 
Writing C:\Users\SP5WWP\Documents\Radiant\OpenHT\pll_osc\misc\pll_osc_tmpl.v 
Writing C:\Users\SP5WWP\Documents\Radiant\OpenHT\pll_osc\misc\pll_osc_tmpl.vhd 
Writing C:\Users\SP5WWP\Documents\Radiant\OpenHT\pll_osc\rtl\pll_osc.v 
Writing C:\Users\SP5WWP\Documents\Radiant\OpenHT\pll_osc\constraints\pll_osc.ldc 
Writing C:\Users\SP5WWP\Documents\Radiant\OpenHT\pll_osc\testbench\dut_params.v 
Writing C:\Users\SP5WWP\Documents\Radiant\OpenHT\pll_osc\testbench\dut_inst.v 
Writing C:\Users\SP5WWP\Documents\Radiant\OpenHT\pll_osc\design.xml 
Writing C:\Users\SP5WWP\Documents\Radiant\OpenHT\pll_osc\component.xml 
Writing C:\Users\SP5WWP\Documents\Radiant\OpenHT\pll_osc\pll_osc.ipx 
[INFO] Using Python version : 3.7.4 (default, Nov 21 2019, 13:51:44) [MSC v.1923 64 bit (AMD64)]
[DEBUG] bypass_bw_factor =  0
[DEBUG] Total process time :  0.19553949999999531
[INFO] Done Parameter Optimization.
Best Param : {'M_DIV': 1, 'N_DIV': 38, 'O_DIV': {'CLKOP': 19, 'CLKOS': 8}, 'BWFAC': 6.685747618732867, 'fbk_div': 38, 'm_div': 1, 'ipp_ctrl': 6, 'bw_ctrl_bias': 15, 'ipp_sel': 15, 'ipi_cmp': 12, 'cset': 8, 'v2i_pp_res': 9.0, 'cripple': 1, 'PEAK': 0.1735387392614833, 'BW_3DB': 4.786300923226426, 'BW_OPL': 3.8018939632056497, 'PM_3DB': 77.56216202302599}

 Analog Parameters : 
 - CSET        	: 8P		 - CRIPPLE     	: 1P		 - IPI_CMP     	: 0b1100
 - V2I_PP_RES  	: 9K		 - IPP_SEL     	: 0b1111		 -             	    
 - IPP_CTRL    	: 0b0110		 - BW_CTL_BIAS   : 0b1111		 -             	    

WARNING: missing driver HDL files.
Writing C:\Users\SP5WWP\Documents\Radiant\OpenHT\pll_osc\rtl\pll_osc_bb.v 
Writing C:\Users\SP5WWP\Documents\Radiant\OpenHT\pll_osc\pll_osc.cfg 
Writing C:\Users\SP5WWP\Documents\Radiant\OpenHT\pll_osc\misc\pll_osc_tmpl.v 
Writing C:\Users\SP5WWP\Documents\Radiant\OpenHT\pll_osc\misc\pll_osc_tmpl.vhd 
Writing C:\Users\SP5WWP\Documents\Radiant\OpenHT\pll_osc\rtl\pll_osc.v 
Writing C:\Users\SP5WWP\Documents\Radiant\OpenHT\pll_osc\constraints\pll_osc.ldc 
Writing C:\Users\SP5WWP\Documents\Radiant\OpenHT\pll_osc\testbench\dut_params.v 
Writing C:\Users\SP5WWP\Documents\Radiant\OpenHT\pll_osc\testbench\dut_inst.v 
Writing C:\Users\SP5WWP\Documents\Radiant\OpenHT\pll_osc\design.xml 
Writing C:\Users\SP5WWP\Documents\Radiant\OpenHT\pll_osc\component.xml 
Writing C:\Users\SP5WWP\Documents\Radiant\OpenHT\pll_osc\pll_osc.ipx 
[INFO] Using Python version : 3.7.4 (default, Nov 21 2019, 13:51:44) [MSC v.1923 64 bit (AMD64)]
[DEBUG] bypass_bw_factor =  0
[DEBUG] Total process time :  0.2000745000000279
[INFO] Done Parameter Optimization.
Best Param : {'M_DIV': 1, 'N_DIV': 67.55555555555556, 'O_DIV': {'CLKOP': 8, 'CLKOS': 19}, 'BWFAC': 7.165929069962893, 'fbk_div': 67.55555555555556, 'm_div': 1, 'ipp_ctrl': 6, 'bw_ctrl_bias': 15, 'ipp_sel': 15, 'ipi_cmp': 12, 'cset': 8, 'v2i_pp_res': 9.0, 'cripple': 1, 'PEAK': 0.31058426624803415, 'BW_3DB': 2.5118864315096006, 'BW_OPL': 2.1877616239495716, 'PM_3DB': 82.42795106808421}

 Analog Parameters : 
 - CSET        	: 8P		 - CRIPPLE     	: 1P		 - IPI_CMP     	: 0b1100
 - V2I_PP_RES  	: 9K		 - IPP_SEL     	: 0b1111		 -             	    
 - IPP_CTRL    	: 0b0110		 - BW_CTL_BIAS   : 0b1111		 -             	    

[DEBUG] bypass_bw_factor =  0
[DEBUG] Total process time :  0.20080609999990884
[INFO] Done Parameter Optimization.
Best Param : {'M_DIV': 1, 'N_DIV': 67.55555555555556, 'O_DIV': {'CLKOP': 8, 'CLKOS': 19}, 'BWFAC': 7.165929069962893, 'fbk_div': 67.55555555555556, 'm_div': 1, 'ipp_ctrl': 6, 'bw_ctrl_bias': 15, 'ipp_sel': 15, 'ipi_cmp': 12, 'cset': 8, 'v2i_pp_res': 9.0, 'cripple': 1, 'PEAK': 0.31058426624803415, 'BW_3DB': 2.5118864315096006, 'BW_OPL': 2.1877616239495716, 'PM_3DB': 82.42795106808421}

 Analog Parameters : 
 - CSET        	: 8P		 - CRIPPLE     	: 1P		 - IPI_CMP     	: 0b1100
 - V2I_PP_RES  	: 9K		 - IPP_SEL     	: 0b1111		 -             	    
 - IPP_CTRL    	: 0b0110		 - BW_CTL_BIAS   : 0b1111		 -             	    

WARNING: missing driver HDL files.
Writing C:\Users\SP5WWP\Documents\Radiant\at86_rx_test\pll_osc\rtl\pll_osc_bb.v 
Writing C:\Users\SP5WWP\Documents\Radiant\at86_rx_test\pll_osc\pll_osc.cfg 
Writing C:\Users\SP5WWP\Documents\Radiant\at86_rx_test\pll_osc\misc\pll_osc_tmpl.v 
Writing C:\Users\SP5WWP\Documents\Radiant\at86_rx_test\pll_osc\misc\pll_osc_tmpl.vhd 
Writing C:\Users\SP5WWP\Documents\Radiant\at86_rx_test\pll_osc\rtl\pll_osc.v 
Writing C:\Users\SP5WWP\Documents\Radiant\at86_rx_test\pll_osc\constraints\pll_osc.ldc 
Writing C:\Users\SP5WWP\Documents\Radiant\at86_rx_test\pll_osc\testbench\dut_params.v 
Writing C:\Users\SP5WWP\Documents\Radiant\at86_rx_test\pll_osc\testbench\dut_inst.v 
Writing C:\Users\SP5WWP\Documents\Radiant\at86_rx_test\pll_osc\design.xml 
Writing C:\Users\SP5WWP\Documents\Radiant\at86_rx_test\pll_osc\component.xml 
Writing C:\Users\SP5WWP\Documents\Radiant\at86_rx_test\pll_osc\pll_osc.ipx 
[INFO] Using Python version : 3.7.4 (default, Nov 21 2019, 13:51:44) [MSC v.1923 64 bit (AMD64)]
[DEBUG] bypass_bw_factor =  0
[DEBUG] Total process time :  0.19809880000002522
[INFO] Done Parameter Optimization.
Best Param : {'M_DIV': 1, 'N_DIV': 84.44444444444444, 'O_DIV': {'CLKOP': 10, 'CLKOS': 38}, 'BWFAC': 9.446534284495836, 'fbk_div': 84.44444444444444, 'm_div': 1, 'ipp_ctrl': 6, 'bw_ctrl_bias': 15, 'ipp_sel': 15, 'ipi_cmp': 12, 'cset': 8, 'v2i_pp_res': 9.0, 'cripple': 1, 'PEAK': 0.38972544398175013, 'BW_3DB': 1.9054607179632614, 'BW_OPL': 1.7378008287493891, 'PM_3DB': 83.7356363080623}

 Analog Parameters : 
 - CSET        	: 8P		 - CRIPPLE     	: 1P		 - IPI_CMP     	: 0b1100
 - V2I_PP_RES  	: 9K		 - IPP_SEL     	: 0b1111		 -             	    
 - IPP_CTRL    	: 0b0110		 - BW_CTL_BIAS   : 0b1111		 -             	    

[DEBUG] bypass_bw_factor =  0
[DEBUG] Total process time :  0.20049649999987196
[INFO] Done Parameter Optimization.
Best Param : {'M_DIV': 1, 'N_DIV': 84.44444444444444, 'O_DIV': {'CLKOP': 10, 'CLKOS': 38}, 'BWFAC': 9.446534284495836, 'fbk_div': 84.44444444444444, 'm_div': 1, 'ipp_ctrl': 6, 'bw_ctrl_bias': 15, 'ipp_sel': 15, 'ipi_cmp': 12, 'cset': 8, 'v2i_pp_res': 9.0, 'cripple': 1, 'PEAK': 0.38972544398175013, 'BW_3DB': 1.9054607179632614, 'BW_OPL': 1.7378008287493891, 'PM_3DB': 83.7356363080623}

 Analog Parameters : 
 - CSET        	: 8P		 - CRIPPLE     	: 1P		 - IPI_CMP     	: 0b1100
 - V2I_PP_RES  	: 9K		 - IPP_SEL     	: 0b1111		 -             	    
 - IPP_CTRL    	: 0b0110		 - BW_CTL_BIAS   : 0b1111		 -             	    

WARNING: missing driver HDL files.
Writing C:\Users\SP5WWP\Documents\Radiant\at86_rx_test\pll_osc\rtl\pll_osc_bb.v 
Writing C:\Users\SP5WWP\Documents\Radiant\at86_rx_test\pll_osc\pll_osc.cfg 
Writing C:\Users\SP5WWP\Documents\Radiant\at86_rx_test\pll_osc\misc\pll_osc_tmpl.v 
Writing C:\Users\SP5WWP\Documents\Radiant\at86_rx_test\pll_osc\misc\pll_osc_tmpl.vhd 
Writing C:\Users\SP5WWP\Documents\Radiant\at86_rx_test\pll_osc\rtl\pll_osc.v 
Writing C:\Users\SP5WWP\Documents\Radiant\at86_rx_test\pll_osc\constraints\pll_osc.ldc 
Writing C:\Users\SP5WWP\Documents\Radiant\at86_rx_test\pll_osc\testbench\dut_params.v 
Writing C:\Users\SP5WWP\Documents\Radiant\at86_rx_test\pll_osc\testbench\dut_inst.v 
Writing C:\Users\SP5WWP\Documents\Radiant\at86_rx_test\pll_osc\design.xml 
Writing C:\Users\SP5WWP\Documents\Radiant\at86_rx_test\pll_osc\component.xml 
Writing C:\Users\SP5WWP\Documents\Radiant\at86_rx_test\pll_osc\pll_osc.ipx 
[INFO] Using Python version : 3.7.4 (default, Nov 21 2019, 13:51:44) [MSC v.1923 64 bit (AMD64)]
[DEBUG] bypass_bw_factor =  0
[DEBUG] Total process time :  0.19896779999999126
[INFO] Done Parameter Optimization.
Best Param : {'M_DIV': 1, 'N_DIV': 84.44444444444444, 'O_DIV': {'CLKOP': 10, 'CLKOS': 38}, 'BWFAC': 9.446534284495836, 'fbk_div': 84.44444444444444, 'm_div': 1, 'ipp_ctrl': 6, 'bw_ctrl_bias': 15, 'ipp_sel': 15, 'ipi_cmp': 12, 'cset': 8, 'v2i_pp_res': 9.0, 'cripple': 1, 'PEAK': 0.38972544398175013, 'BW_3DB': 1.9054607179632614, 'BW_OPL': 1.7378008287493891, 'PM_3DB': 83.7356363080623}

 Analog Parameters : 
 - CSET        	: 8P		 - CRIPPLE     	: 1P		 - IPI_CMP     	: 0b1100
 - V2I_PP_RES  	: 9K		 - IPP_SEL     	: 0b1111		 -             	    
 - IPP_CTRL    	: 0b0110		 - BW_CTL_BIAS   : 0b1111		 -             	    

[DEBUG] bypass_bw_factor =  0
[DEBUG] Total process time :  0.1994540999999117
[INFO] Done Parameter Optimization.
Best Param : {'M_DIV': 1, 'N_DIV': 84.44444444444444, 'O_DIV': {'CLKOP': 10, 'CLKOS': 38}, 'BWFAC': 9.446534284495836, 'fbk_div': 84.44444444444444, 'm_div': 1, 'ipp_ctrl': 6, 'bw_ctrl_bias': 15, 'ipp_sel': 15, 'ipi_cmp': 12, 'cset': 8, 'v2i_pp_res': 9.0, 'cripple': 1, 'PEAK': 0.38972544398175013, 'BW_3DB': 1.9054607179632614, 'BW_OPL': 1.7378008287493891, 'PM_3DB': 83.7356363080623}

 Analog Parameters : 
 - CSET        	: 8P		 - CRIPPLE     	: 1P		 - IPI_CMP     	: 0b1100
 - V2I_PP_RES  	: 9K		 - IPP_SEL     	: 0b1111		 -             	    
 - IPP_CTRL    	: 0b0110		 - BW_CTL_BIAS   : 0b1111		 -             	    

WARNING: missing driver HDL files.
Writing C:\Users\SP5WWP\Documents\Radiant\at86_rx_test\pll_osc\rtl\pll_osc_bb.v 
Writing C:\Users\SP5WWP\Documents\Radiant\at86_rx_test\pll_osc\pll_osc.cfg 
Writing C:\Users\SP5WWP\Documents\Radiant\at86_rx_test\pll_osc\misc\pll_osc_tmpl.v 
Writing C:\Users\SP5WWP\Documents\Radiant\at86_rx_test\pll_osc\misc\pll_osc_tmpl.vhd 
Writing C:\Users\SP5WWP\Documents\Radiant\at86_rx_test\pll_osc\rtl\pll_osc.v 
Writing C:\Users\SP5WWP\Documents\Radiant\at86_rx_test\pll_osc\constraints\pll_osc.ldc 
Writing C:\Users\SP5WWP\Documents\Radiant\at86_rx_test\pll_osc\testbench\dut_params.v 
Writing C:\Users\SP5WWP\Documents\Radiant\at86_rx_test\pll_osc\testbench\dut_inst.v 
Writing C:\Users\SP5WWP\Documents\Radiant\at86_rx_test\pll_osc\design.xml 
Writing C:\Users\SP5WWP\Documents\Radiant\at86_rx_test\pll_osc\component.xml 
Writing C:\Users\SP5WWP\Documents\Radiant\at86_rx_test\pll_osc\pll_osc.ipx 
[INFO] Using Python version : 3.7.4 (default, Nov 21 2019, 13:51:44) [MSC v.1923 64 bit (AMD64)]
[DEBUG] bypass_bw_factor =  0
[DEBUG] Total process time :  0.20378179999988788
[INFO] Done Parameter Optimization.
Best Param : {'M_DIV': 1, 'N_DIV': 67.55555555555556, 'O_DIV': {'CLKOP': 8, 'CLKOS': 19}, 'BWFAC': 7.165929069962893, 'fbk_div': 67.55555555555556, 'm_div': 1, 'ipp_ctrl': 6, 'bw_ctrl_bias': 15, 'ipp_sel': 15, 'ipi_cmp': 12, 'cset': 8, 'v2i_pp_res': 9.0, 'cripple': 1, 'PEAK': 0.31058426624803415, 'BW_3DB': 2.5118864315096006, 'BW_OPL': 2.1877616239495716, 'PM_3DB': 82.42795106808421}

 Analog Parameters : 
 - CSET        	: 8P		 - CRIPPLE     	: 1P		 - IPI_CMP     	: 0b1100
 - V2I_PP_RES  	: 9K		 - IPP_SEL     	: 0b1111		 -             	    
 - IPP_CTRL    	: 0b0110		 - BW_CTL_BIAS   : 0b1111		 -             	    

[DEBUG] bypass_bw_factor =  0
[DEBUG] Total process time :  0.206509399999959
[INFO] Done Parameter Optimization.
Best Param : {'M_DIV': 1, 'N_DIV': 67.55555555555556, 'O_DIV': {'CLKOP': 8, 'CLKOS': 19}, 'BWFAC': 7.165929069962893, 'fbk_div': 67.55555555555556, 'm_div': 1, 'ipp_ctrl': 6, 'bw_ctrl_bias': 15, 'ipp_sel': 15, 'ipi_cmp': 12, 'cset': 8, 'v2i_pp_res': 9.0, 'cripple': 1, 'PEAK': 0.31058426624803415, 'BW_3DB': 2.5118864315096006, 'BW_OPL': 2.1877616239495716, 'PM_3DB': 82.42795106808421}

 Analog Parameters : 
 - CSET        	: 8P		 - CRIPPLE     	: 1P		 - IPI_CMP     	: 0b1100
 - V2I_PP_RES  	: 9K		 - IPP_SEL     	: 0b1111		 -             	    
 - IPP_CTRL    	: 0b0110		 - BW_CTL_BIAS   : 0b1111		 -             	    

WARNING: missing driver HDL files.
Writing C:\Users\SP5WWP\Documents\Radiant\at86_rx_test\pll_osc\rtl\pll_osc_bb.v 
Writing C:\Users\SP5WWP\Documents\Radiant\at86_rx_test\pll_osc\pll_osc.cfg 
Writing C:\Users\SP5WWP\Documents\Radiant\at86_rx_test\pll_osc\misc\pll_osc_tmpl.v 
Writing C:\Users\SP5WWP\Documents\Radiant\at86_rx_test\pll_osc\misc\pll_osc_tmpl.vhd 
Writing C:\Users\SP5WWP\Documents\Radiant\at86_rx_test\pll_osc\rtl\pll_osc.v 
Writing C:\Users\SP5WWP\Documents\Radiant\at86_rx_test\pll_osc\constraints\pll_osc.ldc 
Writing C:\Users\SP5WWP\Documents\Radiant\at86_rx_test\pll_osc\testbench\dut_params.v 
Writing C:\Users\SP5WWP\Documents\Radiant\at86_rx_test\pll_osc\testbench\dut_inst.v 
Writing C:\Users\SP5WWP\Documents\Radiant\at86_rx_test\pll_osc\design.xml 
Writing C:\Users\SP5WWP\Documents\Radiant\at86_rx_test\pll_osc\component.xml 
Writing C:\Users\SP5WWP\Documents\Radiant\at86_rx_test\pll_osc\pll_osc.ipx 
[INFO] Using Python version : 3.7.4 (default, Nov 21 2019, 13:51:44) [MSC v.1923 64 bit (AMD64)]
[DEBUG] bypass_bw_factor =  0
[DEBUG] Total process time :  0.20000189999973372
[INFO] Done Parameter Optimization.
Best Param : {'M_DIV': 1, 'N_DIV': 84.44444444444444, 'O_DIV': {'CLKOP': 10, 'CLKOS': 40}, 'BWFAC': 9.446534284495836, 'fbk_div': 84.44444444444444, 'm_div': 1, 'ipp_ctrl': 6, 'bw_ctrl_bias': 15, 'ipp_sel': 15, 'ipi_cmp': 12, 'cset': 8, 'v2i_pp_res': 9.0, 'cripple': 1, 'PEAK': 0.38972544398175013, 'BW_3DB': 1.9054607179632614, 'BW_OPL': 1.7378008287493891, 'PM_3DB': 83.7356363080623}

 Analog Parameters : 
 - CSET        	: 8P		 - CRIPPLE     	: 1P		 - IPI_CMP     	: 0b1100
 - V2I_PP_RES  	: 9K		 - IPP_SEL     	: 0b1111		 -             	    
 - IPP_CTRL    	: 0b0110		 - BW_CTL_BIAS   : 0b1111		 -             	    

[DEBUG] bypass_bw_factor =  0
[DEBUG] Total process time :  0.2011554000000615
[INFO] Done Parameter Optimization.
Best Param : {'M_DIV': 1, 'N_DIV': 84.44444444444444, 'O_DIV': {'CLKOP': 10, 'CLKOS': 40}, 'BWFAC': 9.446534284495836, 'fbk_div': 84.44444444444444, 'm_div': 1, 'ipp_ctrl': 6, 'bw_ctrl_bias': 15, 'ipp_sel': 15, 'ipi_cmp': 12, 'cset': 8, 'v2i_pp_res': 9.0, 'cripple': 1, 'PEAK': 0.38972544398175013, 'BW_3DB': 1.9054607179632614, 'BW_OPL': 1.7378008287493891, 'PM_3DB': 83.7356363080623}

 Analog Parameters : 
 - CSET        	: 8P		 - CRIPPLE     	: 1P		 - IPI_CMP     	: 0b1100
 - V2I_PP_RES  	: 9K		 - IPP_SEL     	: 0b1111		 -             	    
 - IPP_CTRL    	: 0b0110		 - BW_CTL_BIAS   : 0b1111		 -             	    

WARNING: missing driver HDL files.
Writing C:\Users\SP5WWP\Documents\Radiant\at86_rx_test\pll_osc\rtl\pll_osc_bb.v 
Writing C:\Users\SP5WWP\Documents\Radiant\at86_rx_test\pll_osc\pll_osc.cfg 
Writing C:\Users\SP5WWP\Documents\Radiant\at86_rx_test\pll_osc\misc\pll_osc_tmpl.v 
Writing C:\Users\SP5WWP\Documents\Radiant\at86_rx_test\pll_osc\misc\pll_osc_tmpl.vhd 
Writing C:\Users\SP5WWP\Documents\Radiant\at86_rx_test\pll_osc\rtl\pll_osc.v 
Writing C:\Users\SP5WWP\Documents\Radiant\at86_rx_test\pll_osc\constraints\pll_osc.ldc 
Writing C:\Users\SP5WWP\Documents\Radiant\at86_rx_test\pll_osc\testbench\dut_params.v 
Writing C:\Users\SP5WWP\Documents\Radiant\at86_rx_test\pll_osc\testbench\dut_inst.v 
Writing C:\Users\SP5WWP\Documents\Radiant\at86_rx_test\pll_osc\design.xml 
Writing C:\Users\SP5WWP\Documents\Radiant\at86_rx_test\pll_osc\component.xml 
Writing C:\Users\SP5WWP\Documents\Radiant\at86_rx_test\pll_osc\pll_osc.ipx 
[INFO] Using Python version : 3.7.4 (default, Nov 21 2019, 13:51:44) [MSC v.1923 64 bit (AMD64)]
ERROR: The desired frequency for CLKOP with tolerance=0.000000 cannot be generated.Try changing the tolerance or desired frequency.
ERROR: Value 2.25 is out of range (6.25, 800.0).
ERROR: The desired frequency for CLKOS with tolerance=0.000000 cannot be generated.Try changing the tolerance or desired frequency.
ERROR: Value 2.25 is out of range (6.25, 800.0).
[DEBUG] bypass_bw_factor =  0
[DEBUG] Total process time :  0.205849599999965
[INFO] Done Parameter Optimization.
Best Param : {'M_DIV': 1, 'N_DIV': 66.66666666666667, 'O_DIV': {'CLKOP': 8, 'CLKOS': 30}, 'BWFAC': 7.165929069962893, 'fbk_div': 66.66666666666667, 'm_div': 1, 'ipp_ctrl': 6, 'bw_ctrl_bias': 15, 'ipp_sel': 15, 'ipi_cmp': 12, 'cset': 8, 'v2i_pp_res': 9.0, 'cripple': 1, 'PEAK': 0.3064357602820108, 'BW_3DB': 2.5118864315096006, 'BW_OPL': 2.1877616239495716, 'PM_3DB': 82.42795106808421}

 Analog Parameters : 
 - CSET        	: 8P		 - CRIPPLE     	: 1P		 - IPI_CMP     	: 0b1100
 - V2I_PP_RES  	: 9K		 - IPP_SEL     	: 0b1111		 -             	    
 - IPP_CTRL    	: 0b0110		 - BW_CTL_BIAS   : 0b1111		 -             	    

[DEBUG] bypass_bw_factor =  0
[DEBUG] Total process time :  0.20455239999955666
[INFO] Done Parameter Optimization.
Best Param : {'M_DIV': 1, 'N_DIV': 66.66666666666667, 'O_DIV': {'CLKOP': 8, 'CLKOS': 30}, 'BWFAC': 7.165929069962893, 'fbk_div': 66.66666666666667, 'm_div': 1, 'ipp_ctrl': 6, 'bw_ctrl_bias': 15, 'ipp_sel': 15, 'ipi_cmp': 12, 'cset': 8, 'v2i_pp_res': 9.0, 'cripple': 1, 'PEAK': 0.3064357602820108, 'BW_3DB': 2.5118864315096006, 'BW_OPL': 2.1877616239495716, 'PM_3DB': 82.42795106808421}

 Analog Parameters : 
 - CSET        	: 8P		 - CRIPPLE     	: 1P		 - IPI_CMP     	: 0b1100
 - V2I_PP_RES  	: 9K		 - IPP_SEL     	: 0b1111		 -             	    
 - IPP_CTRL    	: 0b0110		 - BW_CTL_BIAS   : 0b1111		 -             	    

WARNING: missing driver HDL files.
Writing C:\Users\SP5WWP\Documents\Radiant\at86_rx_test\pll_osc\rtl\pll_osc_bb.v 
Writing C:\Users\SP5WWP\Documents\Radiant\at86_rx_test\pll_osc\pll_osc.cfg 
Writing C:\Users\SP5WWP\Documents\Radiant\at86_rx_test\pll_osc\misc\pll_osc_tmpl.v 
Writing C:\Users\SP5WWP\Documents\Radiant\at86_rx_test\pll_osc\misc\pll_osc_tmpl.vhd 
Writing C:\Users\SP5WWP\Documents\Radiant\at86_rx_test\pll_osc\rtl\pll_osc.v 
Writing C:\Users\SP5WWP\Documents\Radiant\at86_rx_test\pll_osc\constraints\pll_osc.ldc 
Writing C:\Users\SP5WWP\Documents\Radiant\at86_rx_test\pll_osc\testbench\dut_params.v 
Writing C:\Users\SP5WWP\Documents\Radiant\at86_rx_test\pll_osc\testbench\dut_inst.v 
Writing C:\Users\SP5WWP\Documents\Radiant\at86_rx_test\pll_osc\design.xml 
Writing C:\Users\SP5WWP\Documents\Radiant\at86_rx_test\pll_osc\component.xml 
Writing C:\Users\SP5WWP\Documents\Radiant\at86_rx_test\pll_osc\pll_osc.ipx 
[INFO] Using Python version : 3.7.4 (default, Nov 21 2019, 13:51:44) [MSC v.1923 64 bit (AMD64)]
[INFO] Using Python version : 3.7.4 (default, Nov 21 2019, 13:51:44) [MSC v.1923 64 bit (AMD64)]
[DEBUG] bypass_bw_factor =  0
[DEBUG] Total process time :  0.2003526000007696
[INFO] Done Parameter Optimization.
Best Param : {'M_DIV': 1, 'N_DIV': 84.44444444444444, 'O_DIV': {'CLKOP': 10, 'CLKOS': 38}, 'BWFAC': 9.446534284495836, 'fbk_div': 84.44444444444444, 'm_div': 1, 'ipp_ctrl': 6, 'bw_ctrl_bias': 15, 'ipp_sel': 15, 'ipi_cmp': 12, 'cset': 8, 'v2i_pp_res': 9.0, 'cripple': 1, 'PEAK': 0.38972544398175013, 'BW_3DB': 1.9054607179632614, 'BW_OPL': 1.7378008287493891, 'PM_3DB': 83.7356363080623}

 Analog Parameters : 
 - CSET        	: 8P		 - CRIPPLE     	: 1P		 - IPI_CMP     	: 0b1100
 - V2I_PP_RES  	: 9K		 - IPP_SEL     	: 0b1111		 -             	    
 - IPP_CTRL    	: 0b0110		 - BW_CTL_BIAS   : 0b1111		 -             	    

[DEBUG] bypass_bw_factor =  0
[DEBUG] Total process time :  0.19976839999981166
[INFO] Done Parameter Optimization.
Best Param : {'M_DIV': 1, 'N_DIV': 84.44444444444444, 'O_DIV': {'CLKOP': 10, 'CLKOS': 38}, 'BWFAC': 9.446534284495836, 'fbk_div': 84.44444444444444, 'm_div': 1, 'ipp_ctrl': 6, 'bw_ctrl_bias': 15, 'ipp_sel': 15, 'ipi_cmp': 12, 'cset': 8, 'v2i_pp_res': 9.0, 'cripple': 1, 'PEAK': 0.38972544398175013, 'BW_3DB': 1.9054607179632614, 'BW_OPL': 1.7378008287493891, 'PM_3DB': 83.7356363080623}

 Analog Parameters : 
 - CSET        	: 8P		 - CRIPPLE     	: 1P		 - IPI_CMP     	: 0b1100
 - V2I_PP_RES  	: 9K		 - IPP_SEL     	: 0b1111		 -             	    
 - IPP_CTRL    	: 0b0110		 - BW_CTL_BIAS   : 0b1111		 -             	    

WARNING: missing driver HDL files.
Writing C:\Users\SP5WWP\Documents\Radiant\at86_rx_test\pll_osc\rtl\pll_osc_bb.v 
Writing C:\Users\SP5WWP\Documents\Radiant\at86_rx_test\pll_osc\pll_osc.cfg 
Writing C:\Users\SP5WWP\Documents\Radiant\at86_rx_test\pll_osc\misc\pll_osc_tmpl.v 
Writing C:\Users\SP5WWP\Documents\Radiant\at86_rx_test\pll_osc\misc\pll_osc_tmpl.vhd 
Writing C:\Users\SP5WWP\Documents\Radiant\at86_rx_test\pll_osc\rtl\pll_osc.v 
Writing C:\Users\SP5WWP\Documents\Radiant\at86_rx_test\pll_osc\constraints\pll_osc.ldc 
Writing C:\Users\SP5WWP\Documents\Radiant\at86_rx_test\pll_osc\testbench\dut_params.v 
Writing C:\Users\SP5WWP\Documents\Radiant\at86_rx_test\pll_osc\testbench\dut_inst.v 
Writing C:\Users\SP5WWP\Documents\Radiant\at86_rx_test\pll_osc\design.xml 
Writing C:\Users\SP5WWP\Documents\Radiant\at86_rx_test\pll_osc\component.xml 
Writing C:\Users\SP5WWP\Documents\Radiant\at86_rx_test\pll_osc\pll_osc.ipx 
[INFO] Using Python version : 3.7.4 (default, Nov 21 2019, 13:51:44) [MSC v.1923 64 bit (AMD64)]
[INFO] Using Python version : 3.7.4 (default, Nov 21 2019, 13:51:44) [MSC v.1923 64 bit (AMD64)]
[DEBUG] bypass_bw_factor =  0
[DEBUG] Total process time :  0.20410110000011628
[INFO] Done Parameter Optimization.
Best Param : {'M_DIV': 1, 'N_DIV': 67.55555555555556, 'O_DIV': {'CLKOP': 8, 'CLKOS': 19}, 'BWFAC': 7.165929069962893, 'fbk_div': 67.55555555555556, 'm_div': 1, 'ipp_ctrl': 6, 'bw_ctrl_bias': 15, 'ipp_sel': 15, 'ipi_cmp': 12, 'cset': 8, 'v2i_pp_res': 9.0, 'cripple': 1, 'PEAK': 0.31058426624803415, 'BW_3DB': 2.5118864315096006, 'BW_OPL': 2.1877616239495716, 'PM_3DB': 82.42795106808421}

 Analog Parameters : 
 - CSET        	: 8P		 - CRIPPLE     	: 1P		 - IPI_CMP     	: 0b1100
 - V2I_PP_RES  	: 9K		 - IPP_SEL     	: 0b1111		 -             	    
 - IPP_CTRL    	: 0b0110		 - BW_CTL_BIAS   : 0b1111		 -             	    

[DEBUG] bypass_bw_factor =  0
[DEBUG] Total process time :  0.20497470000009343
[INFO] Done Parameter Optimization.
Best Param : {'M_DIV': 1, 'N_DIV': 67.55555555555556, 'O_DIV': {'CLKOP': 8, 'CLKOS': 19}, 'BWFAC': 7.165929069962893, 'fbk_div': 67.55555555555556, 'm_div': 1, 'ipp_ctrl': 6, 'bw_ctrl_bias': 15, 'ipp_sel': 15, 'ipi_cmp': 12, 'cset': 8, 'v2i_pp_res': 9.0, 'cripple': 1, 'PEAK': 0.31058426624803415, 'BW_3DB': 2.5118864315096006, 'BW_OPL': 2.1877616239495716, 'PM_3DB': 82.42795106808421}

 Analog Parameters : 
 - CSET        	: 8P		 - CRIPPLE     	: 1P		 - IPI_CMP     	: 0b1100
 - V2I_PP_RES  	: 9K		 - IPP_SEL     	: 0b1111		 -             	    
 - IPP_CTRL    	: 0b0110		 - BW_CTL_BIAS   : 0b1111		 -             	    

WARNING: missing driver HDL files.
Writing C:\Users\SP5WWP\Documents\Radiant\at86_rx_test\pll_osc\rtl\pll_osc_bb.v 
Writing C:\Users\SP5WWP\Documents\Radiant\at86_rx_test\pll_osc\pll_osc.cfg 
Writing C:\Users\SP5WWP\Documents\Radiant\at86_rx_test\pll_osc\misc\pll_osc_tmpl.v 
Writing C:\Users\SP5WWP\Documents\Radiant\at86_rx_test\pll_osc\misc\pll_osc_tmpl.vhd 
Writing C:\Users\SP5WWP\Documents\Radiant\at86_rx_test\pll_osc\rtl\pll_osc.v 
Writing C:\Users\SP5WWP\Documents\Radiant\at86_rx_test\pll_osc\constraints\pll_osc.ldc 
Writing C:\Users\SP5WWP\Documents\Radiant\at86_rx_test\pll_osc\testbench\dut_params.v 
Writing C:\Users\SP5WWP\Documents\Radiant\at86_rx_test\pll_osc\testbench\dut_inst.v 
Writing C:\Users\SP5WWP\Documents\Radiant\at86_rx_test\pll_osc\design.xml 
Writing C:\Users\SP5WWP\Documents\Radiant\at86_rx_test\pll_osc\component.xml 
Writing C:\Users\SP5WWP\Documents\Radiant\at86_rx_test\pll_osc\pll_osc.ipx 
[INFO] Using Python version : 3.7.4 (default, Nov 21 2019, 13:51:44) [MSC v.1923 64 bit (AMD64)]
[DEBUG] bypass_bw_factor =  0
[DEBUG] Total process time :  0.2049298000001727
[INFO] Done Parameter Optimization.
Best Param : {'M_DIV': 1, 'N_DIV': 66.66666666666667, 'O_DIV': {'CLKOP': 8, 'CLKOS': 30}, 'BWFAC': 7.165929069962893, 'fbk_div': 66.66666666666667, 'm_div': 1, 'ipp_ctrl': 6, 'bw_ctrl_bias': 15, 'ipp_sel': 15, 'ipi_cmp': 12, 'cset': 8, 'v2i_pp_res': 9.0, 'cripple': 1, 'PEAK': 0.3064357602820108, 'BW_3DB': 2.5118864315096006, 'BW_OPL': 2.1877616239495716, 'PM_3DB': 82.42795106808421}

 Analog Parameters : 
 - CSET        	: 8P		 - CRIPPLE     	: 1P		 - IPI_CMP     	: 0b1100
 - V2I_PP_RES  	: 9K		 - IPP_SEL     	: 0b1111		 -             	    
 - IPP_CTRL    	: 0b0110		 - BW_CTL_BIAS   : 0b1111		 -             	    

[DEBUG] bypass_bw_factor =  0
[DEBUG] Total process time :  0.20550120000007155
[INFO] Done Parameter Optimization.
Best Param : {'M_DIV': 1, 'N_DIV': 66.66666666666667, 'O_DIV': {'CLKOP': 8, 'CLKOS': 30}, 'BWFAC': 7.165929069962893, 'fbk_div': 66.66666666666667, 'm_div': 1, 'ipp_ctrl': 6, 'bw_ctrl_bias': 15, 'ipp_sel': 15, 'ipi_cmp': 12, 'cset': 8, 'v2i_pp_res': 9.0, 'cripple': 1, 'PEAK': 0.3064357602820108, 'BW_3DB': 2.5118864315096006, 'BW_OPL': 2.1877616239495716, 'PM_3DB': 82.42795106808421}

 Analog Parameters : 
 - CSET        	: 8P		 - CRIPPLE     	: 1P		 - IPI_CMP     	: 0b1100
 - V2I_PP_RES  	: 9K		 - IPP_SEL     	: 0b1111		 -             	    
 - IPP_CTRL    	: 0b0110		 - BW_CTL_BIAS   : 0b1111		 -             	    

WARNING: missing driver HDL files.
Writing C:\Users\SP5WWP\Documents\Radiant\at86_rx_test\pll_osc\rtl\pll_osc_bb.v 
Writing C:\Users\SP5WWP\Documents\Radiant\at86_rx_test\pll_osc\pll_osc.cfg 
Writing C:\Users\SP5WWP\Documents\Radiant\at86_rx_test\pll_osc\misc\pll_osc_tmpl.v 
Writing C:\Users\SP5WWP\Documents\Radiant\at86_rx_test\pll_osc\misc\pll_osc_tmpl.vhd 
Writing C:\Users\SP5WWP\Documents\Radiant\at86_rx_test\pll_osc\rtl\pll_osc.v 
Writing C:\Users\SP5WWP\Documents\Radiant\at86_rx_test\pll_osc\constraints\pll_osc.ldc 
Writing C:\Users\SP5WWP\Documents\Radiant\at86_rx_test\pll_osc\testbench\dut_params.v 
Writing C:\Users\SP5WWP\Documents\Radiant\at86_rx_test\pll_osc\testbench\dut_inst.v 
Writing C:\Users\SP5WWP\Documents\Radiant\at86_rx_test\pll_osc\design.xml 
Writing C:\Users\SP5WWP\Documents\Radiant\at86_rx_test\pll_osc\component.xml 
Writing C:\Users\SP5WWP\Documents\Radiant\at86_rx_test\pll_osc\pll_osc.ipx 
[INFO] Using Python version : 3.7.4 (default, Nov 21 2019, 13:51:44) [MSC v.1923 64 bit (AMD64)]
ERROR: The desired frequency for CLKOP with tolerance=0.000000 cannot be generated.Try changing the tolerance or desired frequency.
ERROR: Value 3.25 is out of range (6.25, 800.0).
ERROR: The desired frequency for CLKOS with tolerance=0.000000 cannot be generated.Try changing the tolerance or desired frequency.
ERROR: Value 3.25 is out of range (6.25, 800.0).
ERROR: The desired frequency for CLKOP with tolerance=0.000000 cannot be generated.Try changing the tolerance or desired frequency.
ERROR: Value 3.25 is out of range (6.25, 800.0).
ERROR: The desired frequency for CLKOS with tolerance=0.000000 cannot be generated.Try changing the tolerance or desired frequency.
ERROR: Value 3.25 is out of range (6.25, 800.0).
ERROR: The desired frequency for CLKOP with tolerance=0.000000 cannot be generated.Try changing the tolerance or desired frequency.
ERROR: Value 3.25 is out of range (6.25, 800.0).
ERROR: The desired frequency for CLKOS with tolerance=0.000000 cannot be generated.Try changing the tolerance or desired frequency.
ERROR: Value 3.25 is out of range (6.25, 800.0).
ERROR: The desired frequency for CLKOP with tolerance=0.000000 cannot be generated.Try changing the tolerance or desired frequency.
ERROR: Value 3.25 is out of range (6.25, 800.0).
ERROR: The desired frequency for CLKOS with tolerance=0.000000 cannot be generated.Try changing the tolerance or desired frequency.
ERROR: Value 3.25 is out of range (6.25, 800.0).
ERROR: The desired frequency for CLKOP with tolerance=0.000000 cannot be generated.Try changing the tolerance or desired frequency.
ERROR: Value 3.25 is out of range (6.25, 800.0).
ERROR: The desired frequency for CLKOS with tolerance=0.000000 cannot be generated.Try changing the tolerance or desired frequency.
ERROR: Value 3.25 is out of range (6.25, 800.0).
ERROR: The desired frequency for CLKOP with tolerance=0.100000 cannot be generated.Try changing the tolerance or desired frequency.
ERROR: Value 4.0 is out of range (6.25, 800.0).
ERROR: The desired frequency for CLKOS with tolerance=0.000000 cannot be generated.Try changing the tolerance or desired frequency.
ERROR: Value 4.0 is out of range (6.25, 800.0).
ERROR: The desired frequency for CLKOP with tolerance=0.200000 cannot be generated.Try changing the tolerance or desired frequency.
ERROR: Value 4.0 is out of range (6.25, 800.0).
ERROR: The desired frequency for CLKOS with tolerance=0.000000 cannot be generated.Try changing the tolerance or desired frequency.
ERROR: Value 4.0 is out of range (6.25, 800.0).
ERROR: The desired frequency for CLKOP with tolerance=0.000000 cannot be generated.Try changing the tolerance or desired frequency.
ERROR: Value 4.0 is out of range (6.25, 800.0).
ERROR: The desired frequency for CLKOS with tolerance=0.000000 cannot be generated.Try changing the tolerance or desired frequency.
ERROR: Value 4.0 is out of range (6.25, 800.0).
ERROR: The desired frequency for CLKOP with tolerance=0.000000 cannot be generated.Try changing the tolerance or desired frequency.
ERROR: Value 4.0 is out of range (6.25, 800.0).
ERROR: The desired frequency for CLKOS with tolerance=0.000000 cannot be generated.Try changing the tolerance or desired frequency.
ERROR: Value 4.0 is out of range (6.25, 800.0).
ERROR: The desired frequency for CLKOP with tolerance=0.000000 cannot be generated.Try changing the tolerance or desired frequency.
ERROR: Value 4.0 is out of range (6.25, 800.0).
ERROR: The desired frequency for CLKOS with tolerance=0.000000 cannot be generated.Try changing the tolerance or desired frequency.
ERROR: Value 4.0 is out of range (6.25, 800.0).
ERROR: The desired frequency for CLKOP with tolerance=0.000000 cannot be generated.Try changing the tolerance or desired frequency.
ERROR: Value 4.0 is out of range (6.25, 800.0).
ERROR: The desired frequency for CLKOS with tolerance=0.000000 cannot be generated.Try changing the tolerance or desired frequency.
ERROR: Value 4.0 is out of range (6.25, 800.0).
ERROR: The desired frequency for CLKOP with tolerance=0.000000 cannot be generated.Try changing the tolerance or desired frequency.
ERROR: Value 4.0 is out of range (6.25, 800.0).
ERROR: The desired frequency for CLKOS with tolerance=0.000000 cannot be generated.Try changing the tolerance or desired frequency.
ERROR: Value 4.0 is out of range (6.25, 800.0).
ERROR: The desired frequency for CLKOP with tolerance=0.000000 cannot be generated.Try changing the tolerance or desired frequency.
ERROR: Value 4.0 is out of range (6.25, 800.0).
ERROR: The desired frequency for CLKOS with tolerance=0.000000 cannot be generated.Try changing the tolerance or desired frequency.
ERROR: Value 4.0 is out of range (6.25, 800.0).
ERROR: The desired frequency for CLKOP with tolerance=0.000000 cannot be generated.Try changing the tolerance or desired frequency.
ERROR: Value 4.0 is out of range (6.25, 800.0).
ERROR: The desired frequency for CLKOS with tolerance=0.000000 cannot be generated.Try changing the tolerance or desired frequency.
ERROR: Value 4.0 is out of range (6.25, 800.0).
ERROR: The desired frequency for CLKOP with tolerance=0.000000 cannot be generated.Try changing the tolerance or desired frequency.
ERROR: Value 4.0 is out of range (6.25, 800.0).
ERROR: The desired frequency for CLKOS with tolerance=0.000000 cannot be generated.Try changing the tolerance or desired frequency.
ERROR: Value 4.0 is out of range (6.25, 800.0).
ERROR: The desired frequency for CLKOP with tolerance=0.000000 cannot be generated.Try changing the tolerance or desired frequency.
ERROR: Value 4.0 is out of range (6.25, 800.0).
ERROR: The desired frequency for CLKOS with tolerance=0.000000 cannot be generated.Try changing the tolerance or desired frequency.
ERROR: Value 4.0 is out of range (6.25, 800.0).
ERROR: The desired frequency for CLKOP with tolerance=0.000000 cannot be generated.Try changing the tolerance or desired frequency.
ERROR: Value 4.0 is out of range (6.25, 800.0).
ERROR: The desired frequency for CLKOS with tolerance=0.000000 cannot be generated.Try changing the tolerance or desired frequency.
ERROR: Value 4.0 is out of range (6.25, 800.0).
ERROR: The desired frequency for CLKOP with tolerance=0.200000 cannot be generated.Try changing the tolerance or desired frequency.
ERROR: Value 4.0 is out of range (6.25, 800.0).
ERROR: The desired frequency for CLKOS with tolerance=0.000000 cannot be generated.Try changing the tolerance or desired frequency.
ERROR: Value 4.0 is out of range (6.25, 800.0).
ERROR: The desired frequency for CLKOP with tolerance=0.000000 cannot be generated.Try changing the tolerance or desired frequency.
ERROR: Value 3.25 is out of range (6.25, 800.0).
ERROR: The desired frequency for CLKOS with tolerance=0.500000 cannot be generated.Try changing the tolerance or desired frequency.
ERROR: Value 3.25 is out of range (6.25, 800.0).
ERROR: The desired frequency for CLKOS2 with tolerance=0.000000 cannot be generated.Try changing the tolerance or desired frequency.
ERROR: Value 3.25 is out of range (6.25, 800.0).
ERROR: The desired frequency for CLKOP with tolerance=0.000000 cannot be generated.Try changing the tolerance or desired frequency.
ERROR: Value 3.25 is out of range (6.25, 800.0).
ERROR: The desired frequency for CLKOS with tolerance=0.500000 cannot be generated.Try changing the tolerance or desired frequency.
ERROR: Value 3.25 is out of range (6.25, 800.0).
ERROR: The desired frequency for CLKOS2 with tolerance=0.000000 cannot be generated.Try changing the tolerance or desired frequency.
ERROR: Value 3.25 is out of range (6.25, 800.0).
ERROR: The desired frequency for CLKOP with tolerance=0.000000 cannot be generated.Try changing the tolerance or desired frequency.
ERROR: Value 3.25 is out of range (6.25, 800.0).
ERROR: The desired frequency for CLKOS with tolerance=0.500000 cannot be generated.Try changing the tolerance or desired frequency.
ERROR: Value 3.25 is out of range (6.25, 800.0).
ERROR: The desired frequency for CLKOS2 with tolerance=0.500000 cannot be generated.Try changing the tolerance or desired frequency.
ERROR: Value 3.25 is out of range (6.25, 800.0).
ERROR: The desired frequency for CLKOP with tolerance=0.000000 cannot be generated.Try changing the tolerance or desired frequency.
ERROR: Value 3.25 is out of range (6.25, 800.0).
ERROR: The desired frequency for CLKOS with tolerance=0.000000 cannot be generated.Try changing the tolerance or desired frequency.
ERROR: Value 3.25 is out of range (6.25, 800.0).
ERROR: The desired frequency for CLKOP with tolerance=0.000000 cannot be generated.Try changing the tolerance or desired frequency.
ERROR: Value 3.25 is out of range (6.25, 800.0).
ERROR: The desired frequency for CLKOS with tolerance=0.000000 cannot be generated.Try changing the tolerance or desired frequency.
ERROR: Value 3.25 is out of range (6.25, 800.0).
ERROR: The desired frequency for CLKOS2 with tolerance=0.000000 cannot be generated.Try changing the tolerance or desired frequency.
ERROR: Value 3.25 is out of range (6.25, 800.0).
ERROR: The desired frequency for CLKOP with tolerance=0.000000 cannot be generated.Try changing the tolerance or desired frequency.
ERROR: Value 3.25 is out of range (6.25, 800.0).
ERROR: The desired frequency for CLKOS with tolerance=0.000000 cannot be generated.Try changing the tolerance or desired frequency.
ERROR: Value 3.25 is out of range (6.25, 800.0).