-- all messages logged in file hdlparser.log
-- Analyzing VHDL file 'C:/Radiant/ispfpga/vhdl_packages/standard.vhd' (VHDL-1481)
-- Analyzing VHDL file C:/Radiant/ispfpga/vhdl_packages/standard.vhd
C:/Radiant/ispfpga/vhdl_packages/standard.vhd(9): INFO: analyzing package 'standard' (VHDL-1014)
-- Analyzing VHDL file 'C:/Radiant/ispfpga/vhdl_packages/std_1164.vhd' (VHDL-1481)
-- Analyzing VHDL file C:/Radiant/ispfpga/vhdl_packages/std_1164.vhd
C:/Radiant/ispfpga/vhdl_packages/std_1164.vhd(15): INFO: analyzing package 'std_logic_1164' (VHDL-1014)
C:/Radiant/ispfpga/vhdl_packages/std_1164.vhd(178): INFO: analyzing package body 'std_logic_1164' (VHDL-1013)
-- Analyzing VHDL file 'C:/Radiant/ispfpga/vhdl_packages/mgc_qsim.vhd' (VHDL-1481)
-- Analyzing VHDL file C:/Radiant/ispfpga/vhdl_packages/mgc_qsim.vhd
C:/Radiant/ispfpga/vhdl_packages/mgc_qsim.vhd(18): INFO: analyzing package 'qsim_logic' (VHDL-1014)
C:/Radiant/ispfpga/vhdl_packages/mgc_qsim.vhd(753): INFO: analyzing package body 'qsim_logic' (VHDL-1013)
-- Analyzing VHDL file 'C:/Radiant/ispfpga/vhdl_packages/numeric_bit.vhd' (VHDL-1481)
-- Analyzing VHDL file C:/Radiant/ispfpga/vhdl_packages/numeric_bit.vhd
C:/Radiant/ispfpga/vhdl_packages/numeric_bit.vhd(54): INFO: analyzing package 'numeric_bit' (VHDL-1014)
C:/Radiant/ispfpga/vhdl_packages/numeric_bit.vhd(834): INFO: analyzing package body 'numeric_bit' (VHDL-1013)
-- Analyzing VHDL file 'C:/Radiant/ispfpga/vhdl_packages/numeric_std.vhd' (VHDL-1481)
-- Analyzing VHDL file C:/Radiant/ispfpga/vhdl_packages/numeric_std.vhd
C:/Radiant/ispfpga/vhdl_packages/numeric_std.vhd(57): INFO: analyzing package 'numeric_std' (VHDL-1014)
C:/Radiant/ispfpga/vhdl_packages/numeric_std.vhd(874): INFO: analyzing package body 'numeric_std' (VHDL-1013)
-- Analyzing VHDL file 'C:/Radiant/ispfpga/vhdl_packages/textio.vhd' (VHDL-1481)
-- Analyzing VHDL file C:/Radiant/ispfpga/vhdl_packages/textio.vhd
C:/Radiant/ispfpga/vhdl_packages/textio.vhd(13): INFO: analyzing package 'textio' (VHDL-1014)
C:/Radiant/ispfpga/vhdl_packages/textio.vhd(114): INFO: analyzing package body 'textio' (VHDL-1013)
-- Analyzing VHDL file 'C:/Radiant/ispfpga/vhdl_packages/std_logic_textio.vhd' (VHDL-1481)
-- Analyzing VHDL file C:/Radiant/ispfpga/vhdl_packages/std_logic_textio.vhd
C:/Radiant/ispfpga/vhdl_packages/std_logic_textio.vhd(26): INFO: analyzing package 'std_logic_textio' (VHDL-1014)
C:/Radiant/ispfpga/vhdl_packages/std_logic_textio.vhd(72): INFO: analyzing package body 'std_logic_textio' (VHDL-1013)
-- Analyzing VHDL file 'C:/Radiant/ispfpga/vhdl_packages/syn_attr.vhd' (VHDL-1481)
-- Analyzing VHDL file C:/Radiant/ispfpga/vhdl_packages/syn_attr.vhd
C:/Radiant/ispfpga/vhdl_packages/syn_attr.vhd(39): INFO: analyzing package 'attributes' (VHDL-1014)
-- Analyzing VHDL file 'C:/Radiant/ispfpga/vhdl_packages/syn_misc.vhd' (VHDL-1481)
-- Analyzing VHDL file C:/Radiant/ispfpga/vhdl_packages/syn_misc.vhd
C:/Radiant/ispfpga/vhdl_packages/syn_misc.vhd(30): INFO: analyzing package 'std_logic_misc' (VHDL-1014)
C:/Radiant/ispfpga/vhdl_packages/syn_misc.vhd(182): INFO: analyzing package body 'std_logic_misc' (VHDL-1013)
-- Analyzing VHDL file 'C:/Radiant/ispfpga/vhdl_packages/math_real.vhd' (VHDL-1481)
./.__tmp_vxr_0_(56): INFO: analyzing package 'math_real' (VHDL-1014)
./.__tmp_vxr_0_(685): INFO: analyzing package body 'math_real' (VHDL-1013)
-- Analyzing VHDL file 'C:/Radiant/ispfpga/vhdl_packages/mixed_lang_vltype.vhd' (VHDL-1481)
-- Analyzing VHDL file C:/Radiant/ispfpga/vhdl_packages/mixed_lang_vltype.vhd
C:/Radiant/ispfpga/vhdl_packages/mixed_lang_vltype.vhd(9): INFO: analyzing package 'vl_types' (VHDL-1014)
C:/Radiant/ispfpga/vhdl_packages/mixed_lang_vltype.vhd(88): INFO: analyzing package body 'vl_types' (VHDL-1013)
-- Analyzing VHDL file 'C:/Radiant/ispfpga/vhdl_packages/syn_arit.vhd' (VHDL-1481)
-- Analyzing VHDL file C:/Radiant/ispfpga/vhdl_packages/syn_arit.vhd
C:/Radiant/ispfpga/vhdl_packages/syn_arit.vhd(25): INFO: analyzing package 'std_logic_arith' (VHDL-1014)
C:/Radiant/ispfpga/vhdl_packages/syn_arit.vhd(206): INFO: analyzing package body 'std_logic_arith' (VHDL-1013)
-- Analyzing VHDL file 'C:/Radiant/ispfpga/vhdl_packages/syn_sign.vhd' (VHDL-1481)
-- Analyzing VHDL file C:/Radiant/ispfpga/vhdl_packages/syn_sign.vhd
C:/Radiant/ispfpga/vhdl_packages/syn_sign.vhd(35): INFO: analyzing package 'std_logic_signed' (VHDL-1014)
C:/Radiant/ispfpga/vhdl_packages/syn_sign.vhd(96): INFO: analyzing package body 'std_logic_signed' (VHDL-1013)
-- Analyzing VHDL file 'C:/Radiant/ispfpga/vhdl_packages/syn_unsi.vhd' (VHDL-1481)
-- Analyzing VHDL file C:/Radiant/ispfpga/vhdl_packages/syn_unsi.vhd
C:/Radiant/ispfpga/vhdl_packages/syn_unsi.vhd(35): INFO: analyzing package 'std_logic_unsigned' (VHDL-1014)
C:/Radiant/ispfpga/vhdl_packages/syn_unsi.vhd(94): INFO: analyzing package body 'std_logic_unsigned' (VHDL-1013)
-- Analyzing VHDL file 'C:/Radiant/ispfpga/vhdl_packages/synattr.vhd' (VHDL-1481)
-- Analyzing VHDL file C:/Radiant/ispfpga/vhdl_packages/synattr.vhd
C:/Radiant/ispfpga/vhdl_packages/synattr.vhd(50): INFO: analyzing package 'attributes' (VHDL-1014)
-- Analyzing Verilog file 'C:/Radiant/cae_library/synthesis/verilog/lifcl.v' (VERI-1482)
-- Analyzing Verilog file 'C:/Users/SP5WWP/Documents/Radiant/OpenHT/pll_osc/rtl/pll_osc.v' (VERI-1482)
-- Analyzing Verilog file 'C:/Users/SP5WWP/Documents/Radiant/OpenHT/ddr_rx/rtl/ddr_rx.v' (VERI-1482)
C:/Users/SP5WWP/Documents/Radiant/OpenHT/ddr_rx/rtl/ddr_rx.v(2905): INFO: undeclared symbol 'uddcntln_w', assumed default net type 'wire' (VERI-2561)
C:/Users/SP5WWP/Documents/Radiant/OpenHT/ddr_rx/rtl/ddr_rx.v(2906): INFO: undeclared symbol 'freeze_w', assumed default net type 'wire' (VERI-2561)
C:/Users/SP5WWP/Documents/Radiant/OpenHT/ddr_rx/rtl/ddr_rx.v(3258): INFO: undeclared symbol 'uddcntln_w', assumed default net type 'wire' (VERI-2561)
C:/Users/SP5WWP/Documents/Radiant/OpenHT/ddr_rx/rtl/ddr_rx.v(3259): INFO: undeclared symbol 'freeze_w', assumed default net type 'wire' (VERI-2561)
-- Analyzing Verilog file 'C:/Users/SP5WWP/Documents/Radiant/OpenHT/ddr_tx/rtl/ddr_tx.v' (VERI-1482)
C:/Users/SP5WWP/Documents/Radiant/OpenHT/ddr_tx/rtl/ddr_tx.v(2905): INFO: undeclared symbol 'uddcntln_w', assumed default net type 'wire' (VERI-2561)
C:/Users/SP5WWP/Documents/Radiant/OpenHT/ddr_tx/rtl/ddr_tx.v(2906): INFO: undeclared symbol 'freeze_w', assumed default net type 'wire' (VERI-2561)
C:/Users/SP5WWP/Documents/Radiant/OpenHT/ddr_tx/rtl/ddr_tx.v(3258): INFO: undeclared symbol 'uddcntln_w', assumed default net type 'wire' (VERI-2561)
C:/Users/SP5WWP/Documents/Radiant/OpenHT/ddr_tx/rtl/ddr_tx.v(3259): INFO: undeclared symbol 'freeze_w', assumed default net type 'wire' (VERI-2561)
-- Analyzing VHDL file 'C:/Radiant/cae_library/synthesis/vhdl/lifcl.vhd' (VHDL-1481)
-- Analyzing VHDL file C:/Radiant/cae_library/synthesis/vhdl/lifcl.vhd
-- Analyzing VHDL file 'C:/Radiant/ip/pmi/pmi_lifcl.vhd' (VHDL-1481)
-- Analyzing VHDL file C:/Radiant/ip/pmi/pmi_lifcl.vhd
-- Analyzing VHDL file 'C:/Users/SP5WWP/Documents/Radiant/OpenHT/source/impl_1/main.vhd' (VHDL-1481)
-- Analyzing VHDL file C:/Users/SP5WWP/Documents/Radiant/OpenHT/source/impl_1/main.vhd
C:/Users/SP5WWP/Documents/Radiant/OpenHT/source/impl_1/main.vhd(6): INFO: analyzing entity 'main_all' (VHDL-1012)
C:/Users/SP5WWP/Documents/Radiant/OpenHT/source/impl_1/main.vhd(30): INFO: analyzing architecture 'magic' (VHDL-1010)
-- Analyzing VHDL file 'C:/Users/SP5WWP/Documents/Radiant/OpenHT/source/impl_1/spi_slave.vhd' (VHDL-1481)
-- Analyzing VHDL file C:/Users/SP5WWP/Documents/Radiant/OpenHT/source/impl_1/spi_slave.vhd
C:/Users/SP5WWP/Documents/Radiant/OpenHT/source/impl_1/spi_slave.vhd(6): INFO: analyzing entity 'spi_slave' (VHDL-1012)
C:/Users/SP5WWP/Documents/Radiant/OpenHT/source/impl_1/spi_slave.vhd(18): INFO: analyzing architecture 'magic' (VHDL-1010)
